<?xml version="1.0" encoding="UTF-8"?>
<testng-results skipped="0" failed="0" ignored="0" total="1" passed="1">
  <reporter-output>
  </reporter-output>
  <suite name="Default suite" duration-ms="5592" started-at="2020-09-15T10:28:19Z" finished-at="2020-09-15T10:28:25Z">
    <groups>
    </groups>
    <test name="Default test" duration-ms="5592" started-at="2020-09-15T10:28:19Z" finished-at="2020-09-15T10:28:25Z">
      <class name="TestNG.tc1">
        <test-method status="PASS" signature="launch()[pri:0, instance:TestNG.tc1@74a10858]" name="launch" is-config="true" duration-ms="2509" started-at="2020-09-15T10:28:19Z" finished-at="2020-09-15T10:28:22Z">
          <reporter-output>
          </reporter-output>
        </test-method> <!-- launch -->
        <test-method status="PASS" signature="verify()[pri:0, instance:TestNG.tc1@74a10858]" name="verify" duration-ms="2695" started-at="2020-09-15T10:28:22Z" finished-at="2020-09-15T10:28:24Z">
          <reporter-output>
          </reporter-output>
        </test-method> <!-- verify -->
        <test-method status="PASS" signature="close()[pri:0, instance:TestNG.tc1@74a10858]" name="close" is-config="true" duration-ms="350" started-at="2020-09-15T10:28:24Z" finished-at="2020-09-15T10:28:25Z">
          <reporter-output>
          </reporter-output>
        </test-method> <!-- close -->
      </class> <!-- TestNG.tc1 -->
    </test> <!-- Default test -->
  </suite> <!-- Default suite -->
</testng-results>
