<?xml version="1.0" encoding="UTF-8"?>
<testng-results skipped="0" failed="0" ignored="0" total="1" passed="1">
  <reporter-output>
  </reporter-output>
  <suite name="Default suite" duration-ms="47" started-at="2020-09-14T09:38:35Z" finished-at="2020-09-14T09:38:35Z">
    <groups>
    </groups>
    <test name="Default test" duration-ms="47" started-at="2020-09-14T09:38:35Z" finished-at="2020-09-14T09:38:35Z">
      <class name="TestNG">
        <test-method status="PASS" signature="f()[pri:0, instance:TestNG@462d5aee]" name="f" duration-ms="15" started-at="2020-09-14T09:38:35Z" finished-at="2020-09-14T09:38:35Z">
          <reporter-output>
          </reporter-output>
        </test-method> <!-- f -->
      </class> <!-- TestNG -->
    </test> <!-- Default test -->
  </suite> <!-- Default suite -->
</testng-results>
